# JRE version: Java(TM) SE Runtime Environment (8.0_171-b11) (build 1.8.0_171-b11)
# Java VM: Java HotSpot(TM) Client VM (25.171-b11 mixed mode windows-x86 )
Heap:
 def new generation   total 39424K, used 24050K [0x04400000, 0x06ec0000, 0x0eea0000)
  eden space 35072K,  68% used [0x04400000, 0x05b7c918, 0x06640000)
  from space 4352K,   0% used [0x06a80000, 0x06a80230, 0x06ec0000)
  to   space 4352K,   0% used [0x06640000, 0x06640000, 0x06a80000)
 tenured generation   total 87424K, used 34931K [0x0eea0000, 0x14400000, 0x24400000)
   the space 87424K,  39% used [0x0eea0000, 0x110bcfe0, 0x110bd000, 0x14400000)
 Metaspace       used 20130K, capacity 20662K, committed 20864K, reserved 20864K
GC Heap History (10 events):
Event: 3471.585 GC heap before
{Heap before GC invocations=188 (full 2):
 def new generation   total 39424K, used 35072K [0x04400000, 0x06ec0000, 0x0eea0000)
  eden space 35072K, 100% used [0x04400000, 0x06640000, 0x06640000)
  from space 4352K,   0% used [0x06640000, 0x06640150, 0x06a80000)
  to   space 4352K,   0% used [0x06a80000, 0x06a80000, 0x06ec0000)
 tenured generation   total 87424K, used 34931K [0x0eea0000, 0x14400000, 0x24400000)
   the space 87424K,  39% used [0x0eea0000, 0x110bcfe0, 0x110bd000, 0x14400000)
 Metaspace       used 20127K, capacity 20662K, committed 20864K, reserved 20864K
Event: 3471.587 GC heap after
Heap after GC invocations=189 (full 2):
 def new generation   total 39424K, used 0K [0x04400000, 0x06ec0000, 0x0eea0000)
  eden space 35072K,   0% used [0x04400000, 0x04400000, 0x06640000)
  from space 4352K,   0% used [0x06a80000, 0x06a801e0, 0x06ec0000)
  to   space 4352K,   0% used [0x06640000, 0x06640000, 0x06a80000)
 tenured generation   total 87424K, used 34931K [0x0eea0000, 0x14400000, 0x24400000)
   the space 87424K,  39% used [0x0eea0000, 0x110bcfe0, 0x110bd000, 0x14400000)
 Metaspace       used 20127K, capacity 20662K, committed 20864K, reserved 20864K
}
Event: 3482.114 GC heap before
{Heap before GC invocations=189 (full 2):
 def new generation   total 39424K, used 35072K [0x04400000, 0x06ec0000, 0x0eea0000)
  eden space 35072K, 100% used [0x04400000, 0x06640000, 0x06640000)
  from space 4352K,   0% used [0x06a80000, 0x06a801e0, 0x06ec0000)
  to   space 4352K,   0% used [0x06640000, 0x06640000, 0x06a80000)
 tenured generation   total 87424K, used 34931K [0x0eea0000, 0x14400000, 0x24400000)
   the space 87424K,  39% used [0x0eea0000, 0x110bcfe0, 0x110bd000, 0x14400000)
 Metaspace       used 20127K, capacity 20662K, committed 20864K, reserved 20864K
Event: 3482.115 GC heap after
Heap after GC invocations=190 (full 2):
 def new generation   total 39424K, used 0K [0x04400000, 0x06ec0000, 0x0eea0000)
  eden space 35072K,   0% used [0x04400000, 0x04400000, 0x06640000)
  from space 4352K,   0% used [0x06640000, 0x066401f0, 0x06a80000)
  to   space 4352K,   0% used [0x06a80000, 0x06a80000, 0x06ec0000)
 tenured generation   total 87424K, used 34931K [0x0eea0000, 0x14400000, 0x24400000)
   the space 87424K,  39% used [0x0eea0000, 0x110bcfe0, 0x110bd000, 0x14400000)
 Metaspace       used 20127K, capacity 20662K, committed 20864K, reserved 20864K
}
Event: 3493.217 GC heap before
{Heap before GC invocations=190 (full 2):
 def new generation   total 39424K, used 35072K [0x04400000, 0x06ec0000, 0x0eea0000)
  eden space 35072K, 100% used [0x04400000, 0x06640000, 0x06640000)
  from space 4352K,   0% used [0x06640000, 0x066401f0, 0x06a80000)
  to   space 4352K,   0% used [0x06a80000, 0x06a80000, 0x06ec0000)
 tenured generation   total 87424K, used 34931K [0x0eea0000, 0x14400000, 0x24400000)
   the space 87424K,  39% used [0x0eea0000, 0x110bcfe0, 0x110bd000, 0x14400000)
 Metaspace       used 20127K, capacity 20662K, committed 20864K, reserved 20864K
Event: 3493.218 GC heap after
Heap after GC invocations=191 (full 2):
 def new generation   total 39424K, used 0K [0x04400000, 0x06ec0000, 0x0eea0000)
  eden space 35072K,   0% used [0x04400000, 0x04400000, 0x06640000)
  from space 4352K,   0% used [0x06a80000, 0x06a801f8, 0x06ec0000)
  to   space 4352K,   0% used [0x06640000, 0x06640000, 0x06a80000)
 tenured generation   total 87424K, used 34931K [0x0eea0000, 0x14400000, 0x24400000)
   the space 87424K,  39% used [0x0eea0000, 0x110bcfe0, 0x110bd000, 0x14400000)
 Metaspace       used 20127K, capacity 20662K, committed 20864K, reserved 20864K
}
Event: 3504.159 GC heap before
{Heap before GC invocations=191 (full 2):
 def new generation   total 39424K, used 35072K [0x04400000, 0x06ec0000, 0x0eea0000)
  eden space 35072K, 100% used [0x04400000, 0x06640000, 0x06640000)
  from space 4352K,   0% used [0x06a80000, 0x06a801f8, 0x06ec0000)
  to   space 4352K,   0% used [0x06640000, 0x06640000, 0x06a80000)
 tenured generation   total 87424K, used 34931K [0x0eea0000, 0x14400000, 0x24400000)
   the space 87424K,  39% used [0x0eea0000, 0x110bcfe0, 0x110bd000, 0x14400000)
 Metaspace       used 20127K, capacity 20662K, committed 20864K, reserved 20864K
Event: 3504.160 GC heap after
Heap after GC invocations=192 (full 2):
 def new generation   total 39424K, used 0K [0x04400000, 0x06ec0000, 0x0eea0000)
  eden space 35072K,   0% used [0x04400000, 0x04400000, 0x06640000)
  from space 4352K,   0% used [0x06640000, 0x06640230, 0x06a80000)
  to   space 4352K,   0% used [0x06a80000, 0x06a80000, 0x06ec0000)
 tenured generation   total 87424K, used 34931K [0x0eea0000, 0x14400000, 0x24400000)
   the space 87424K,  39% used [0x0eea0000, 0x110bcfe0, 0x110bd000, 0x14400000)
 Metaspace       used 20127K, capacity 20662K, committed 20864K, reserved 20864K
}
Event: 3514.925 GC heap before
{Heap before GC invocations=192 (full 2):
 def new generation   total 39424K, used 35072K [0x04400000, 0x06ec0000, 0x0eea0000)
  eden space 35072K, 100% used [0x04400000, 0x06640000, 0x06640000)
  from space 4352K,   0% used [0x06640000, 0x06640230, 0x06a80000)
  to   space 4352K,   0% used [0x06a80000, 0x06a80000, 0x06ec0000)
 tenured generation   total 87424K, used 34931K [0x0eea0000, 0x14400000, 0x24400000)
   the space 87424K,  39% used [0x0eea0000, 0x110bcfe0, 0x110bd000, 0x14400000)
 Metaspace       used 20127K, capacity 20662K, committed 20864K, reserved 20864K
Event: 3514.927 GC heap after
Heap after GC invocations=193 (full 2):
 def new generation   total 39424K, used 0K [0x04400000, 0x06ec0000, 0x0eea0000)
  eden space 35072K,   0% used [0x04400000, 0x04400000, 0x06640000)
  from space 4352K,   0% used [0x06a80000, 0x06a80230, 0x06ec0000)
  to   space 4352K,   0% used [0x06640000, 0x06640000, 0x06a80000)
 tenured generation   total 87424K, used 34931K [0x0eea0000, 0x14400000, 0x24400000)
   the space 87424K,  39% used [0x0eea0000, 0x110bcfe0, 0x110bd000, 0x14400000)
 Metaspace       used 20127K, capacity 20662K, committed 20864K, reserved 20864K
}

